\BOOKMARK [0][-]{chapter*.2}{\376\377\004\040\004\025\004\044\004\025\004\040\004\020\004\042}{}% 1
\BOOKMARK [0][-]{chapter*.3}{\376\377\004\036\004\021\004\036\004\027\004\035\004\020\004\047\004\025\004\035\004\030\004\057\000\040\004\030\000\040\004\041\004\036\004\032\004\040\004\020\004\051\004\025\004\035\004\030\004\057}{}% 2
\BOOKMARK [0][-]{chapter*.5}{\376\377\004\022\004\022\004\025\004\024\004\025\004\035\004\030\004\025}{}% 3
\BOOKMARK [0][-]{chapter.1}{\376\377\004\032\004\076\004\075\004\101\004\102\004\100\004\103\004\072\004\102\004\076\004\100\004\101\004\072\004\060\004\117\000\040\004\107\004\060\004\101\004\102\004\114}{}% 4
\BOOKMARK [1][-]{section.1.1}{\376\377\004\020\004\075\004\060\004\073\004\070\004\067\000\040\004\102\004\100\004\065\004\061\004\076\004\062\004\060\004\075\004\070\004\071}{chapter.1}% 5
\BOOKMARK [1][-]{section.1.2}{\376\377\004\020\004\100\004\105\004\070\004\102\004\065\004\072\004\103\004\102\004\100\004\060\000\040\004\077\004\100\004\076\004\065\004\072\004\102\004\060}{chapter.1}% 6
\BOOKMARK [1][-]{section.1.3}{\376\377\004\024\004\070\004\104\004\104\004\065\004\100\004\065\004\075\004\106\004\070\004\100\004\076\004\062\004\060\004\075\004\075\004\060\004\117\000\040\004\076\004\106\004\065\004\075\004\072\004\060\000\040\004\101\004\076\004\101\004\102\004\076\004\117\004\075\004\070\004\117\000\040\004\100\004\060\004\101\004\102\004\065\004\075\004\070\004\117}{chapter.1}% 7
\BOOKMARK [1][-]{section.1.4}{\376\377\004\037\004\100\004\076\004\065\004\072\004\102\004\070\004\100\004\076\004\062\004\060\004\075\004\070\004\065\000\040\004\104\004\103\004\075\004\072\004\106\004\070\004\076\004\075\004\060\004\073\004\114\004\075\004\076\004\071\000\040\004\101\004\105\004\065\004\074\004\113}{chapter.1}% 8
\BOOKMARK [2][-]{subsection.1.4.1}{\376\377\004\036\004\100\004\063\004\060\004\075\004\070\004\067\004\060\004\106\004\070\004\117\000\040\004\061\004\073\004\076\004\072\004\060\000\040\000W\000i\000-\000F\000i\000\040\004\074\004\076\004\064\004\103\004\073\004\117\000\040\004\062\000\040\000E\000S\000P\0003\0002}{section.1.4}% 9
\BOOKMARK [2][-]{subsection.1.4.2}{\376\377\004\040\004\060\004\101\004\077\004\100\004\065\004\064\004\065\004\073\004\065\004\075\004\070\004\065\000\040\004\077\004\076\004\100\004\102\004\076\004\062}{section.1.4}% 10
\BOOKMARK [2][-]{subsection.1.4.3}{\376\377\004\036\004\077\004\070\004\101\004\060\004\075\004\070\004\065\000\040\004\064\004\060\004\102\004\107\004\070\004\072\004\060\000\040\004\062\004\073\004\060\004\066\004\075\004\076\004\101\004\102\004\070\000\040\004\070\000\040\004\102\004\065\004\074\004\065\004\100\004\060\004\102\004\103\004\100\004\113\000\040\004\062\004\076\004\067\004\064\004\103\004\105\004\060\000\040\000D\000H\000T\000-\0001\0001}{section.1.4}% 11
\BOOKMARK [2][-]{subsection.1.4.4}{\376\377\004\036\004\077\004\070\004\101\004\060\004\075\004\070\004\065\000\040\004\103\004\073\004\114\004\102\004\100\004\060\004\067\004\062\004\103\004\072\004\076\004\062\004\076\004\063\004\076\000\040\004\064\004\060\004\102\004\107\004\070\004\072\004\060\000\040\000H\000C\000-\000S\000R\0000\0004}{section.1.4}% 12
\BOOKMARK [2][-]{subsection.1.4.5}{\376\377\004\036\004\077\004\070\004\101\004\060\004\075\004\070\004\065\000\040\004\064\004\060\004\102\004\107\004\070\004\072\004\060\000\040\004\062\004\073\004\060\004\066\004\075\004\076\004\101\004\102\004\070\000\040\004\077\004\076\004\107\004\062\004\113\000\040\000Y\000L\000-\0006\0009}{section.1.4}% 13
\BOOKMARK [2][-]{subsection.1.4.6}{\376\377\004\036\004\077\004\070\004\101\004\060\004\075\004\070\004\065\000\040\004\064\004\060\004\102\004\107\004\070\004\072\004\060\000\040\000T\000E\000M\000T\0006\0000\0000\0000}{section.1.4}% 14
\BOOKMARK [2][-]{subsection.1.4.7}{\376\377\004\044\004\103\004\075\004\072\004\106\004\070\004\076\004\075\004\060\004\073\004\114\004\075\004\060\004\117\000\040\004\101\004\105\004\065\004\074\004\060}{section.1.4}% 15
\BOOKMARK [1][-]{section.1.5}{\376\377\004\037\004\100\004\076\004\065\004\072\004\102\004\070\004\100\004\076\004\062\004\060\004\075\004\070\004\065\000\040\004\077\004\100\004\070\004\075\004\106\004\070\004\077\004\070\004\060\004\073\004\114\004\075\004\076\004\071\000\040\004\101\004\105\004\065\004\074\004\113}{chapter.1}% 16
\BOOKMARK [1][-]{section.1.6}{\376\377\004\036\004\077\004\070\004\101\004\060\004\075\004\070\004\065\000\040\004\060\004\073\004\063\004\076\004\100\004\070\004\102\004\074\004\076\004\062\000\040\004\076\004\101\004\075\004\076\004\062\004\075\004\113\004\105\000\040\004\077\004\100\004\076\004\063\004\100\004\060\004\074\004\074\004\075\004\113\004\105\000\040\004\077\004\100\004\076\004\106\004\065\004\064\004\103\004\100}{chapter.1}% 17
\BOOKMARK [2][-]{subsection.1.6.1}{\376\377\004\023\004\073\004\060\004\062\004\075\004\060\004\117\000\040\004\077\004\100\004\076\004\106\004\065\004\064\004\103\004\100\004\060\000\040\004\077\004\100\004\076\004\063\004\100\004\060\004\074\004\074\004\113}{section.1.6}% 18
\BOOKMARK [0][-]{chapter.2}{\376\377\004\042\004\065\004\105\004\075\004\076\004\073\004\076\004\063\004\070\004\107\004\065\004\101\004\072\004\060\004\117\000\040\004\107\004\060\004\101\004\102\004\114}{}% 19
\BOOKMARK [1][-]{section.2.1}{\376\377\004\034\004\076\004\064\004\065\004\073\004\070\004\100\004\076\004\062\004\060\004\075\004\070\004\065\000\040\004\070\000\040\004\076\004\102\004\073\004\060\004\064\004\072\004\060\000\040\004\101\004\070\004\101\004\102\004\065\004\074\004\113\000\040\004\075\004\060\000\040\004\074\004\060\004\072\004\065\004\102\004\075\004\076\004\071\000\040\004\077\004\073\004\060\004\102\004\065}{chapter.2}% 20
\BOOKMARK [1][-]{section.2.2}{\376\377\004\040\004\060\004\067\004\100\004\060\004\061\004\076\004\102\004\072\004\060\000\040\004\101\004\065\004\100\004\062\004\065\004\100\004\075\004\076\004\071\000\040\004\107\004\060\004\101\004\102\004\070\000\040\004\101\004\070\004\101\004\102\004\065\004\074\004\113\000\040\004\074\004\076\004\075\004\070\004\102\004\076\004\100\004\070\004\075\004\063\004\060}{chapter.2}% 21
\BOOKMARK [2][-]{subsection.2.2.1}{\376\377\000M\000Q\000T\000T\000-\004\061\004\100\004\076\004\072\004\065\004\100}{section.2.2}% 22
\BOOKMARK [2][-]{subsection.2.2.2}{\376\377\004\024\004\065\004\077\004\073\004\076\004\071\000\040\004\077\004\100\004\070\004\073\004\076\004\066\004\065\004\075\004\070\004\117}{section.2.2}% 23
\BOOKMARK [2][-]{subsection.2.2.3}{\376\377\000P\000r\000o\000m\000e\000t\000h\000e\000u\000s}{section.2.2}% 24
\BOOKMARK [2][-]{subsection.2.2.4}{\376\377\000G\000r\000a\000f\000a\000n\000a}{section.2.2}% 25
\BOOKMARK [2][-]{subsection.2.2.5}{\376\377\000A\000l\000e\000r\000t\000M\000a\000n\000a\000g\000e\000r}{section.2.2}% 26
\BOOKMARK [0][-]{chapter*.40}{\376\377\004\027\004\020\004\032\004\033\004\056\004\047\004\025\004\035\004\030\004\025}{}% 27
\BOOKMARK [0][-]{chapter*.41}{\376\377\004\041\004\037\004\030\004\041\004\036\004\032\000\040\004\030\004\041\004\037\004\036\004\033\004\054\004\027\004\036\004\022\004\020\004\035\004\035\004\053\004\045\000\040\004\030\004\041\004\042\004\036\004\047\004\035\004\030\004\032\004\036\004\022}{}% 28
\BOOKMARK [0][-]{appendix.1.A}{\376\377\004\037\004\040\004\030\004\033\004\036\004\026\004\025\004\035\004\030\004\025\000\040}{}% 29
\BOOKMARK [0][-]{appendix.1.B}{\376\377\004\037\004\040\004\030\004\033\004\036\004\026\004\025\004\035\004\030\004\025\000\040}{}% 30
